<?xml version="1.0" encoding="UTF-8" standalone="no" ?>
<coverage branch-rate="NaN" branches-covered="NaN" branches-valid="NaN" complexity="NaN" line-rate="0.45515" lines-covered="4607" lines-valid="10122" timestamp="1674738132.0279" version="">
  <sources>
    <source>C:\Users\preprocess-server\Documents\GitHub\matnwb\</source>
  </sources>
  <packages>
    <package branch-rate="NaN" complexity="NaN" line-rate="0.68421" name="">
      <classes>
        <class branch-rate="NaN" complexity="NaN" filename="NwbFile.m" line-rate="0.82734" name="NwbFile">
          <methods>
            <method branch-rate="NaN" line-rate="1" name="NwbFile" signature="obj = NwbFile(varargin)">
              <lines>
                <line hits="81" number="16"/>
                <line hits="80" number="17"/>
                <line hits="80" number="18"/>
              </lines>
            </method>
            <method branch-rate="NaN" line-rate="0.71875" name="export" signature="export(obj, filename)">
              <lines>
                <line hits="41" number="24"/>
                <line hits="41" number="25"/>
                <line hits="1" number="26"/>
                <line hits="41" number="29"/>
                <line hits="20" number="30"/>
                <line hits="21" number="31"/>
                <line hits="2" number="32"/>
                <line hits="19" number="34"/>
                <line hits="41" number="38"/>
                <line hits="15" number="39"/>
                <line hits="41" number="42"/>
                <line hits="41" number="43"/>
                <line hits="39" number="44"/>
                <line hits="2" number="45"/>
                <line hits="2" number="46"/>
                <line hits="0" number="47"/>
                <line hits="0" number="48"/>
                <line hits="2" number="50"/>
                <line hits="2" number="53"/>
                <line hits="2" number="54"/>
                <line hits="0" number="56"/>
                <line hits="41" number="60"/>
                <line hits="41" number="61"/>
                <line hits="41" number="62"/>
                <line hits="41" number="63"/>
                <line hits="41" number="64"/>
                <line hits="0" number="65"/>
                <line hits="0" number="66"/>
                <line hits="0" number="67"/>
                <line hits="0" number="68"/>
                <line hits="0" number="69"/>
                <line hits="0" number="71"/>
              </lines>
            </method>
            <method branch-rate="NaN" line-rate="1" name="resolve" signature="o = resolve(obj, path)">
              <lines>
                <line hits="407" number="76"/>
                <line hits="206" number="77"/>
                <line hits="407" number="79"/>
                <line hits="407" number="80"/>
                <line hits="407" number="81"/>
                <line hits="407" number="83"/>
                <line hits="407" number="84"/>
              </lines>
            </method>
            <method branch-rate="NaN" line-rate="1" name="searchFor" signature="objectMap = searchFor(obj, typename, varargin)">
              <lines>
                <line hits="5" number="93"/>
                <line hits="5" number="94"/>
                <line hits="5" number="95"/>
                <line hits="5" number="96"/>
                <line hits="5" number="97"/>
                <line hits="5" number="98"/>
              </lines>
            </method>
            <method branch-rate="NaN" line-rate="0.55556" name="resolveReferences" signature="resolveReferences(obj, fid, references)">
              <lines>
                <line hits="41" number="105"/>
                <line hits="7" number="106"/>
                <line hits="7" number="107"/>
                <line hits="206" number="108"/>
                <line hits="206" number="109"/>
                <line hits="206" number="110"/>
                <line hits="206" number="111"/>
                <line hits="206" number="112"/>
                <line hits="7" number="115"/>
                <line hits="7" number="116"/>
                <line hits="0" number="118"/>
                <line hits="0" number="119"/>
                <line hits="0" number="120"/>
                <line hits="0" number="121"/>
                <line hits="0" number="122"/>
                <line hits="0" number="123"/>
                <line hits="0" number="124"/>
                <line hits="0" number="125"/>
              </lines>
            </method>
            <method branch-rate="NaN" line-rate="0.94286" name="embedSpecifications" signature="embedSpecifications(~, fid)">
              <lines>
                <line hits="41" number="131"/>
                <line hits="41" number="132"/>
                <line hits="0" number="133"/>
                <line hits="0" number="134"/>
                <line hits="41" number="135"/>
                <line hits="41" number="136"/>
                <line hits="41" number="137"/>
                <line hits="41" number="138"/>
                <line hits="41" number="139"/>
                <line hits="41" number="142"/>
                <line hits="41" number="143"/>
                <line hits="125" number="144"/>
                <line hits="125" number="145"/>
                <line hits="125" number="146"/>
                <line hits="125" number="147"/>
                <line hits="6" number="148"/>
                <line hits="6" number="149"/>
                <line hits="6" number="150"/>
                <line hits="6" number="151"/>
                <line hits="6" number="152"/>
                <line hits="6" number="153"/>
                <line hits="125" number="156"/>
                <line hits="125" number="157"/>
                <line hits="125" number="158"/>
                <line hits="125" number="159"/>
                <line hits="125" number="160"/>
                <line hits="125" number="161"/>
                <line hits="808" number="162"/>
                <line hits="808" number="163"/>
                <line hits="808" number="164"/>
                <line hits="6" number="169"/>
                <line hits="6" number="170"/>
                <line hits="6" number="171"/>
                <line hits="6" number="173"/>
                <line hits="6" number="174"/>
              </lines>
            </method>
          </methods>
          <lines>
            <line hits="81" number="16"/>
            <line hits="80" number="17"/>
            <line hits="80" number="18"/>
            <line hits="41" number="24"/>
            <line hits="41" number="25"/>
            <line hits="1" number="26"/>
            <line hits="41" number="29"/>
            <line hits="20" number="30"/>
            <line hits="21" number="31"/>
            <line hits="2" number="32"/>
            <line hits="19" number="34"/>
            <line hits="41" number="38"/>
            <line hits="15" number="39"/>
            <line hits="41" number="42"/>
            <line hits="41" number="43"/>
            <line hits="39" number="44"/>
            <line hits="2" number="45"/>
            <line hits="2" number="46"/>
            <line hits="0" number="47"/>
            <line hits="0" number="48"/>
            <line hits="2" number="50"/>
            <line hits="2" number="53"/>
            <line hits="2" number="54"/>
            <line hits="0" number="56"/>
            <line hits="41" number="60"/>
            <line hits="41" number="61"/>
            <line hits="41" number="62"/>
            <line hits="41" number="63"/>
            <line hits="41" number="64"/>
            <line hits="0" number="65"/>
            <line hits="0" number="66"/>
            <line hits="0" number="67"/>
            <line hits="0" number="68"/>
            <line hits="0" number="69"/>
            <line hits="0" number="71"/>
            <line hits="407" number="76"/>
            <line hits="206" number="77"/>
            <line hits="407" number="79"/>
            <line hits="407" number="80"/>
            <line hits="407" number="81"/>
            <line hits="407" number="83"/>
            <line hits="407" number="84"/>
            <line hits="5" number="93"/>
            <line hits="5" number="94"/>
            <line hits="5" number="95"/>
            <line hits="5" number="96"/>
            <line hits="5" number="97"/>
            <line hits="5" number="98"/>
            <line hits="41" number="105"/>
            <line hits="7" number="106"/>
            <line hits="7" number="107"/>
            <line hits="206" number="108"/>
            <line hits="206" number="109"/>
            <line hits="206" number="110"/>
            <line hits="206" number="111"/>
            <line hits="206" number="112"/>
            <line hits="7" number="115"/>
            <line hits="7" number="116"/>
            <line hits="0" number="118"/>
            <line hits="0" number="119"/>
            <line hits="0" number="120"/>
            <line hits="0" number="121"/>
            <line hits="0" number="122"/>
            <line hits="0" number="123"/>
            <line hits="0" number="124"/>
            <line hits="0" number="125"/>
            <line hits="41" number="131"/>
            <line hits="41" number="132"/>
            <line hits="0" number="133"/>
            <line hits="0" number="134"/>
            <line hits="41" number="135"/>
            <line hits="41" number="136"/>
            <line hits="41" number="137"/>
            <line hits="41" number="138"/>
            <line hits="41" number="139"/>
            <line hits="41" number="142"/>
            <line hits="41" number="143"/>
            <line hits="125" number="144"/>
            <line hits="125" number="145"/>
            <line hits="125" number="146"/>
            <line hits="125" number="147"/>
            <line hits="6" number="148"/>
            <line hits="6" number="149"/>
            <line hits="6" number="150"/>
            <line hits="6" number="151"/>
            <line hits="6" number="152"/>
            <line hits="6" number="153"/>
            <line hits="125" number="156"/>
            <line hits="125" number="157"/>
            <line hits="125" number="158"/>
            <line hits="125" number="159"/>
            <line hits="125" number="160"/>
            <line hits="125" number="161"/>
            <line hits="808" number="162"/>
            <line hits="808" number="163"/>
            <line hits="808" number="164"/>
            <line hits="6" number="169"/>
            <line hits="6" number="170"/>
            <line hits="6" number="171"/>
            <line hits="6" number="173"/>
            <line hits="6" number="174"/>
            <line hits="112" number="182"/>
            <line hits="112" number="183"/>
            <line hits="112" number="184"/>
            <line hits="2" number="185"/>
            <line hits="2" number="186"/>
            <line hits="14" number="189"/>
            <line hits="27" number="190"/>
            <line hits="27" number="191"/>
            <line hits="1" number="192"/>
            <line hits="1" number="193"/>
            <line hits="76" number="204"/>
            <line hits="76" number="205"/>
            <line hits="76" number="206"/>
            <line hits="76" number="207"/>
            <line hits="76" number="209"/>
            <line hits="11" number="210"/>
            <line hits="11" number="211"/>
            <line hits="65" number="212"/>
            <line hits="65" number="213"/>
            <line hits="65" number="214"/>
            <line hits="0" number="215"/>
            <line hits="0" number="216"/>
            <line hits="0" number="217"/>
            <line hits="0" number="219"/>
            <line hits="0" number="220"/>
            <line hits="76" number="223"/>
            <line hits="76" number="224"/>
            <line hits="16" number="225"/>
            <line hits="15" number="228"/>
            <line hits="349" number="229"/>
            <line hits="349" number="230"/>
            <line hits="349" number="231"/>
            <line hits="349" number="232"/>
            <line hits="5" number="233"/>
            <line hits="349" number="236"/>
            <line hits="349" number="237"/>
            <line hits="349" number="238"/>
            <line hits="71" number="240"/>
          </lines>
        </class>
        <class branch-rate="NaN" complexity="NaN" filename="generateCore.m" line-rate="0.95238" name="generateCore">
          <methods/>
          <lines>
            <line hits="72" number="26"/>
            <line hits="72" number="28"/>
            <line hits="48" number="29"/>
            <line hits="24" number="31"/>
            <line hits="24" number="32"/>
            <line hits="24" number="33"/>
            <line hits="72" number="36"/>
            <line hits="0" number="37"/>
            <line hits="72" number="40"/>
            <line hits="72" number="41"/>
            <line hits="72" number="42"/>
            <line hits="72" number="43"/>
            <line hits="72" number="44"/>
            <line hits="72" number="45"/>
            <line hits="72" number="46"/>
            <line hits="72" number="47"/>
            <line hits="72" number="48"/>
            <line hits="72" number="49"/>
            <line hits="68" number="50"/>
            <line hits="64" number="51"/>
            <line hits="68" number="53"/>
          </lines>
        </class>
        <class branch-rate="NaN" complexity="NaN" filename="generateExtension.m" line-rate="0.92857" name="generateExtension">
          <methods/>
          <lines>
            <line hits="140" number="19"/>
            <line hits="140" number="20"/>
            <line hits="140" number="21"/>
            <line hits="140" number="23"/>
            <line hits="140" number="24"/>
            <line hits="140" number="25"/>
            <line hits="140" number="26"/>
            <line hits="140" number="27"/>
            <line hits="140" number="28"/>
            <line hits="140" number="29"/>
            <line hits="140" number="30"/>
            <line hits="0" number="32"/>
            <line hits="0" number="33"/>
            <line hits="140" number="36"/>
            <line hits="140" number="37"/>
            <line hits="140" number="38"/>
            <line hits="140" number="40"/>
            <line hits="140" number="41"/>
            <line hits="140" number="42"/>
            <line hits="140" number="43"/>
            <line hits="140" number="44"/>
            <line hits="140" number="45"/>
            <line hits="140" number="47"/>
            <line hits="140" number="49"/>
            <line hits="192" number="50"/>
            <line hits="192" number="51"/>
            <line hits="192" number="52"/>
            <line hits="192" number="53"/>
          </lines>
        </class>
        <class branch-rate="NaN" complexity="NaN" filename="nwbExport.m" line-rate="0.64286" name="nwbExport">
          <methods/>
          <lines>
            <line hits="38" number="17"/>
            <line hits="38" number="18"/>
            <line hits="38" number="19"/>
            <line hits="0" number="20"/>
            <line hits="38" number="22"/>
            <line hits="0" number="23"/>
            <line hits="0" number="24"/>
            <line hits="38" number="27"/>
            <line hits="38" number="28"/>
            <line hits="0" number="29"/>
            <line hits="38" number="30"/>
            <line hits="0" number="31"/>
            <line hits="38" number="33"/>
            <line hits="38" number="36"/>
          </lines>
        </class>
        <class branch-rate="NaN" complexity="NaN" filename="nwbRead.m" line-rate="0.3012" name="nwbRead">
          <methods/>
          <lines>
            <line hits="30" number="20"/>
            <line hits="30" number="21"/>
            <line hits="30" number="23"/>
            <line hits="30" number="25"/>
            <line hits="30" number="26"/>
            <line hits="30" number="27"/>
            <line hits="30" number="28"/>
            <line hits="0" number="29"/>
            <line hits="30" number="31"/>
            <line hits="30" number="34"/>
            <line hits="30" number="35"/>
            <line hits="30" number="36"/>
            <line hits="30" number="37"/>
            <line hits="30" number="39"/>
            <line hits="30" number="40"/>
            <line hits="30" number="41"/>
            <line hits="30" number="44"/>
            <line hits="0" number="45"/>
            <line hits="0" number="46"/>
            <line hits="0" number="47"/>
            <line hits="0" number="48"/>
            <line hits="0" number="49"/>
            <line hits="0" number="50"/>
            <line hits="0" number="54"/>
            <line hits="0" number="56"/>
            <line hits="30" number="59"/>
            <line hits="30" number="63"/>
            <line hits="30" number="64"/>
            <line hits="30" number="65"/>
            <line hits="30" number="67"/>
            <line hits="30" number="68"/>
            <line hits="30" number="69"/>
            <line hits="30" number="70"/>
            <line hits="0" number="71"/>
            <line hits="0" number="72"/>
            <line hits="0" number="73"/>
            <line hits="30" number="77"/>
            <line hits="0" number="81"/>
            <line hits="0" number="82"/>
            <line hits="0" number="83"/>
            <line hits="0" number="84"/>
            <line hits="0" number="85"/>
            <line hits="0" number="86"/>
            <line hits="0" number="88"/>
            <line hits="0" number="91"/>
            <line hits="0" number="92"/>
            <line hits="0" number="93"/>
            <line hits="0" number="94"/>
            <line hits="0" number="96"/>
            <line hits="0" number="97"/>
            <line hits="0" number="99"/>
            <line hits="0" number="100"/>
            <line hits="0" number="101"/>
            <line hits="0" number="102"/>
            <line hits="0" number="103"/>
            <line hits="0" number="104"/>
            <line hits="0" number="106"/>
            <line hits="0" number="107"/>
            <line hits="0" number="108"/>
            <line hits="0" number="109"/>
            <line hits="0" number="110"/>
            <line hits="0" number="111"/>
            <line hits="0" number="112"/>
            <line hits="0" number="114"/>
            <line hits="0" number="116"/>
            <line hits="0" number="119"/>
            <line hits="0" number="121"/>
            <line hits="0" number="123"/>
            <line hits="0" number="124"/>
            <line hits="0" number="126"/>
            <line hits="0" number="128"/>
            <line hits="0" number="129"/>
            <line hits="0" number="130"/>
            <line hits="0" number="131"/>
            <line hits="0" number="132"/>
            <line hits="0" number="133"/>
            <line hits="0" number="134"/>
            <line hits="0" number="135"/>
            <line hits="0" number="137"/>
            <line hits="0" number="141"/>
            <line hits="0" number="142"/>
            <line hits="0" number="143"/>
            <line hits="0" number="144"/>
          </lines>
        </class>
      </classes>
    </package>
    <package branch-rate="NaN" complexity="NaN" line-rate="0.90042" name="file">
      <classes>
        <class branch-rate="NaN" complexity="NaN" filename="+file\Attribute.m" line-rate="1" name="file.Attribute">
          <methods>
            <method branch-rate="NaN" line-rate="1" name="Attribute" signature="obj = Attribute(source)">
              <lines>
                <line hits="12282" number="18"/>
                <line hits="12282" number="19"/>
                <line hits="12282" number="20"/>
                <line hits="12282" number="21"/>
                <line hits="12282" number="22"/>
                <line hits="12282" number="23"/>
                <line hits="12282" number="24"/>
                <line hits="12282" number="25"/>
                <line hits="12282" number="26"/>
                <line hits="12282" number="27"/>
                <line hits="12282" number="29"/>
                <line hits="4830" number="30"/>
                <line hits="7452" number="33"/>
                <line hits="7452" number="34"/>
                <line hits="7452" number="35"/>
                <line hits="7452" number="36"/>
                <line hits="1708" number="37"/>
                <line hits="7452" number="40"/>
                <line hits="7452" number="41"/>
                <line hits="7452" number="42"/>
                <line hits="884" number="43"/>
                <line hits="884" number="44"/>
                <line hits="6568" number="45"/>
                <line hits="2342" number="46"/>
                <line hits="2342" number="47"/>
                <line hits="4226" number="49"/>
                <line hits="4226" number="50"/>
                <line hits="7452" number="53"/>
                <line hits="1276" number="54"/>
                <line hits="6176" number="56"/>
                <line hits="7452" number="59"/>
                <line hits="1288" number="60"/>
                <line hits="1288" number="61"/>
                <line hits="6164" number="63"/>
                <line hits="7452" number="66"/>
              </lines>
            </method>
          </methods>
          <lines>
            <line hits="12282" number="18"/>
            <line hits="12282" number="19"/>
            <line hits="12282" number="20"/>
            <line hits="12282" number="21"/>
            <line hits="12282" number="22"/>
            <line hits="12282" number="23"/>
            <line hits="12282" number="24"/>
            <line hits="12282" number="25"/>
            <line hits="12282" number="26"/>
            <line hits="12282" number="27"/>
            <line hits="12282" number="29"/>
            <line hits="4830" number="30"/>
            <line hits="7452" number="33"/>
            <line hits="7452" number="34"/>
            <line hits="7452" number="35"/>
            <line hits="7452" number="36"/>
            <line hits="1708" number="37"/>
            <line hits="7452" number="40"/>
            <line hits="7452" number="41"/>
            <line hits="7452" number="42"/>
            <line hits="884" number="43"/>
            <line hits="884" number="44"/>
            <line hits="6568" number="45"/>
            <line hits="2342" number="46"/>
            <line hits="2342" number="47"/>
            <line hits="4226" number="49"/>
            <line hits="4226" number="50"/>
            <line hits="7452" number="53"/>
            <line hits="1276" number="54"/>
            <line hits="6176" number="56"/>
            <line hits="7452" number="59"/>
            <line hits="1288" number="60"/>
            <line hits="1288" number="61"/>
            <line hits="6164" number="63"/>
            <line hits="7452" number="66"/>
          </lines>
        </class>
        <class branch-rate="NaN" complexity="NaN" filename="+file\Dataset.m" line-rate="0.97297" name="file.Dataset">
          <methods>
            <method branch-rate="NaN" line-rate="1" name="Dataset" signature="obj = Dataset(source)">
              <lines>
                <line hits="18545" number="19"/>
                <line hits="18545" number="20"/>
                <line hits="18545" number="21"/>
                <line hits="18545" number="22"/>
                <line hits="18545" number="23"/>
                <line hits="18545" number="24"/>
                <line hits="18545" number="25"/>
                <line hits="18545" number="26"/>
                <line hits="18545" number="28"/>
                <line hits="18545" number="29"/>
                <line hits="18545" number="30"/>
                <line hits="18545" number="32"/>
                <line hits="4360" number="33"/>
                <line hits="14185" number="36"/>
                <line hits="14185" number="37"/>
                <line hits="14152" number="38"/>
                <line hits="14185" number="41"/>
                <line hits="14185" number="42"/>
                <line hits="12705" number="43"/>
                <line hits="14185" number="46"/>
                <line hits="14185" number="47"/>
                <line hits="14185" number="48"/>
                <line hits="14185" number="49"/>
                <line hits="14185" number="50"/>
                <line hits="1134" number="51"/>
                <line hits="1134" number="52"/>
                <line hits="13051" number="53"/>
                <line hits="4474" number="54"/>
                <line hits="14185" number="57"/>
                <line hits="14185" number="58"/>
                <line hits="11283" number="59"/>
                <line hits="11283" number="60"/>
                <line hits="14185" number="63"/>
                <line hits="6766" number="64"/>
                <line hits="6766" number="65"/>
                <line hits="6766" number="66"/>
                <line hits="6404" number="67"/>
                <line hits="6404" number="68"/>
                <line hits="362" number="69"/>
                <line hits="294" number="70"/>
                <line hits="294" number="71"/>
                <line hits="68" number="72"/>
                <line hits="68" number="73"/>
                <line hits="68" number="74"/>
                <line hits="14185" number="78"/>
                <line hits="14185" number="80"/>
                <line hits="5068" number="81"/>
                <line hits="9117" number="83"/>
                <line hits="14185" number="86"/>
                <line hits="5121" number="87"/>
                <line hits="5121" number="88"/>
                <line hits="9064" number="90"/>
                <line hits="14185" number="93"/>
                <line hits="14185" number="94"/>
                <line hits="3568" number="95"/>
                <line hits="3568" number="96"/>
                <line hits="3568" number="97"/>
                <line hits="3568" number="98"/>
                <line hits="5586" number="99"/>
                <line hits="5586" number="100"/>
                <line hits="4206" number="101"/>
                <line hits="5586" number="103"/>
                <line hits="14185" number="108"/>
                <line hits="14185" number="109"/>
              </lines>
            </method>
            <method branch-rate="NaN" line-rate="0.8" name="getProps" signature="props = getProps(obj)">
              <lines>
                <line hits="1125" number="113"/>
                <line hits="1125" number="125"/>
                <line hits="0" number="126"/>
                <line hits="1125" number="129"/>
                <line hits="0" number="130"/>
                <line hits="1125" number="133"/>
                <line hits="1125" number="134"/>
                <line hits="1125" number="137"/>
                <line hits="534" number="138"/>
                <line hits="534" number="139"/>
              </lines>
            </method>
          </methods>
          <lines>
            <line hits="18545" number="19"/>
            <line hits="18545" number="20"/>
            <line hits="18545" number="21"/>
            <line hits="18545" number="22"/>
            <line hits="18545" number="23"/>
            <line hits="18545" number="24"/>
            <line hits="18545" number="25"/>
            <line hits="18545" number="26"/>
            <line hits="18545" number="28"/>
            <line hits="18545" number="29"/>
            <line hits="18545" number="30"/>
            <line hits="18545" number="32"/>
            <line hits="4360" number="33"/>
            <line hits="14185" number="36"/>
            <line hits="14185" number="37"/>
            <line hits="14152" number="38"/>
            <line hits="14185" number="41"/>
            <line hits="14185" number="42"/>
            <line hits="12705" number="43"/>
            <line hits="14185" number="46"/>
            <line hits="14185" number="47"/>
            <line hits="14185" number="48"/>
            <line hits="14185" number="49"/>
            <line hits="14185" number="50"/>
            <line hits="1134" number="51"/>
            <line hits="1134" number="52"/>
            <line hits="13051" number="53"/>
            <line hits="4474" number="54"/>
            <line hits="14185" number="57"/>
            <line hits="14185" number="58"/>
            <line hits="11283" number="59"/>
            <line hits="11283" number="60"/>
            <line hits="14185" number="63"/>
            <line hits="6766" number="64"/>
            <line hits="6766" number="65"/>
            <line hits="6766" number="66"/>
            <line hits="6404" number="67"/>
            <line hits="6404" number="68"/>
            <line hits="362" number="69"/>
            <line hits="294" number="70"/>
            <line hits="294" number="71"/>
            <line hits="68" number="72"/>
            <line hits="68" number="73"/>
            <line hits="68" number="74"/>
            <line hits="14185" number="78"/>
            <line hits="14185" number="80"/>
            <line hits="5068" number="81"/>
            <line hits="9117" number="83"/>
            <line hits="14185" number="86"/>
            <line hits="5121" number="87"/>
            <line hits="5121" number="88"/>
            <line hits="9064" number="90"/>
            <line hits="14185" number="93"/>
            <line hits="14185" number="94"/>
            <line hits="3568" number="95"/>
            <line hits="3568" number="96"/>
            <line hits="3568" number="97"/>
            <line hits="3568" number="98"/>
            <line hits="5586" number="99"/>
            <line hits="5586" number="100"/>
            <line hits="4206" number="101"/>
            <line hits="5586" number="103"/>
            <line hits="14185" number="108"/>
            <line hits="14185" number="109"/>
            <line hits="1125" number="113"/>
            <line hits="1125" number="125"/>
            <line hits="0" number="126"/>
            <line hits="1125" number="129"/>
            <line hits="0" number="130"/>
            <line hits="1125" number="133"/>
            <line hits="1125" number="134"/>
            <line hits="1125" number="137"/>
            <line hits="534" number="138"/>
            <line hits="534" number="139"/>
          </lines>
        </class>
        <class branch-rate="NaN" complexity="NaN" filename="+file\Group.m" line-rate="0.95" name="file.Group">
          <methods>
            <method branch-rate="NaN" line-rate="0.98851" name="Group" signature="obj = Group(source)">
              <lines>
                <line hits="16921" number="23"/>
                <line hits="16921" number="24"/>
                <line hits="16921" number="25"/>
                <line hits="16921" number="26"/>
                <line hits="16921" number="27"/>
                <line hits="16921" number="28"/>
                <line hits="16921" number="29"/>
                <line hits="16921" number="30"/>
                <line hits="16921" number="31"/>
                <line hits="16921" number="32"/>
                <line hits="16921" number="33"/>
                <line hits="16921" number="34"/>
                <line hits="16921" number="35"/>
                <line hits="16921" number="36"/>
                <line hits="16921" number="37"/>
                <line hits="16921" number="38"/>
                <line hits="16921" number="40"/>
                <line hits="7307" number="41"/>
                <line hits="9614" number="44"/>
                <line hits="9614" number="45"/>
                <line hits="9603" number="46"/>
                <line hits="9614" number="49"/>
                <line hits="2524" number="50"/>
                <line hits="2524" number="51"/>
                <line hits="7090" number="52"/>
                <line hits="1428" number="53"/>
                <line hits="9614" number="56"/>
                <line hits="9614" number="57"/>
                <line hits="9614" number="58"/>
                <line hits="9614" number="59"/>
                <line hits="9614" number="60"/>
                <line hits="5013" number="61"/>
                <line hits="5013" number="62"/>
                <line hits="4601" number="63"/>
                <line hits="3505" number="64"/>
                <line hits="9614" number="67"/>
                <line hits="3801" number="68"/>
                <line hits="3801" number="69"/>
                <line hits="3801" number="70"/>
                <line hits="1279" number="71"/>
                <line hits="1279" number="72"/>
                <line hits="2522" number="73"/>
                <line hits="1888" number="74"/>
                <line hits="1888" number="75"/>
                <line hits="634" number="76"/>
                <line hits="634" number="77"/>
                <line hits="634" number="78"/>
                <line hits="9614" number="82"/>
                <line hits="9614" number="84"/>
                <line hits="1262" number="85"/>
                <line hits="1262" number="86"/>
                <line hits="1262" number="87"/>
                <line hits="1866" number="88"/>
                <line hits="1866" number="89"/>
                <line hits="0" number="90"/>
                <line hits="1866" number="92"/>
                <line hits="9614" number="96"/>
                <line hits="9614" number="97"/>
                <line hits="3534" number="98"/>
                <line hits="3534" number="99"/>
                <line hits="3534" number="100"/>
                <line hits="13060" number="101"/>
                <line hits="13060" number="102"/>
                <line hits="355" number="103"/>
                <line hits="13060" number="105"/>
                <line hits="9614" number="109"/>
                <line hits="9614" number="110"/>
                <line hits="2681" number="111"/>
                <line hits="2681" number="112"/>
                <line hits="2681" number="113"/>
                <line hits="4655" number="114"/>
                <line hits="4655" number="115"/>
                <line hits="2459" number="116"/>
                <line hits="4655" number="118"/>
                <line hits="9614" number="122"/>
                <line hits="1024" number="123"/>
                <line hits="1024" number="124"/>
                <line hits="1024" number="125"/>
                <line hits="1024" number="126"/>
                <line hits="9614" number="130"/>
                <line hits="9614" number="131"/>
                <line hits="9614" number="132"/>
                <line hits="9614" number="133"/>
                <line hits="9614" number="135"/>
                <line hits="9614" number="136"/>
                <line hits="9614" number="138"/>
                <line hits="9614" number="139"/>
              </lines>
            </method>
            <method branch-rate="NaN" line-rate="0.88679" name="getProps" signature="Prop_Map = getProps(obj)">
              <lines>
                <line hits="6045" number="143"/>
                <line hits="6045" number="147"/>
                <line hits="0" number="148"/>
                <line hits="3368" number="152"/>
                <line hits="11832" number="157"/>
                <line hits="11832" number="158"/>
                <line hits="8477" number="159"/>
                <line hits="2542" number="160"/>
                <line hits="2542" number="161"/>
                <line hits="2542" number="162"/>
                <line hits="2542" number="163"/>
                <line hits="2542" number="164"/>
                <line hits="8477" number="166"/>
                <line hits="3355" number="168"/>
                <line hits="351" number="169"/>
                <line hits="3004" number="171"/>
                <line hits="6045" number="177"/>
                <line hits="1250" number="178"/>
                <line hits="1250" number="179"/>
                <line hits="6045" number="183"/>
                <line hits="1004" number="184"/>
                <line hits="1004" number="185"/>
                <line hits="2651" number="196"/>
                <line hits="4615" number="203"/>
                <line hits="4615" number="204"/>
                <line hits="4615" number="205"/>
                <line hits="4615" number="206"/>
                <line hits="3529" number="207"/>
                <line hits="2449" number="208"/>
                <line hits="1080" number="210"/>
                <line hits="3529" number="212"/>
                <line hits="1086" number="215"/>
                <line hits="0" number="216"/>
                <line hits="0" number="217"/>
                <line hits="1086" number="220"/>
                <line hits="1086" number="221"/>
                <line hits="1018" number="222"/>
                <line hits="4020" number="223"/>
                <line hits="4020" number="224"/>
                <line hits="4020" number="227"/>
                <line hits="4020" number="228"/>
                <line hits="4020" number="229"/>
                <line hits="4020" number="230"/>
                <line hits="4020" number="231"/>
                <line hits="4020" number="232"/>
                <line hits="4020" number="233"/>
                <line hits="1208" number="234"/>
                <line hits="2812" number="236"/>
                <line hits="4020" number="239"/>
                <line hits="0" number="240"/>
                <line hits="0" number="241"/>
                <line hits="0" number="242"/>
                <line hits="4020" number="245"/>
              </lines>
            </method>
          </methods>
          <lines>
            <line hits="16921" number="23"/>
            <line hits="16921" number="24"/>
            <line hits="16921" number="25"/>
            <line hits="16921" number="26"/>
            <line hits="16921" number="27"/>
            <line hits="16921" number="28"/>
            <line hits="16921" number="29"/>
            <line hits="16921" number="30"/>
            <line hits="16921" number="31"/>
            <line hits="16921" number="32"/>
            <line hits="16921" number="33"/>
            <line hits="16921" number="34"/>
            <line hits="16921" number="35"/>
            <line hits="16921" number="36"/>
            <line hits="16921" number="37"/>
            <line hits="16921" number="38"/>
            <line hits="16921" number="40"/>
            <line hits="7307" number="41"/>
            <line hits="9614" number="44"/>
            <line hits="9614" number="45"/>
            <line hits="9603" number="46"/>
            <line hits="9614" number="49"/>
            <line hits="2524" number="50"/>
            <line hits="2524" number="51"/>
            <line hits="7090" number="52"/>
            <line hits="1428" number="53"/>
            <line hits="9614" number="56"/>
            <line hits="9614" number="57"/>
            <line hits="9614" number="58"/>
            <line hits="9614" number="59"/>
            <line hits="9614" number="60"/>
            <line hits="5013" number="61"/>
            <line hits="5013" number="62"/>
            <line hits="4601" number="63"/>
            <line hits="3505" number="64"/>
            <line hits="9614" number="67"/>
            <line hits="3801" number="68"/>
            <line hits="3801" number="69"/>
            <line hits="3801" number="70"/>
            <line hits="1279" number="71"/>
            <line hits="1279" number="72"/>
            <line hits="2522" number="73"/>
            <line hits="1888" number="74"/>
            <line hits="1888" number="75"/>
            <line hits="634" number="76"/>
            <line hits="634" number="77"/>
            <line hits="634" number="78"/>
            <line hits="9614" number="82"/>
            <line hits="9614" number="84"/>
            <line hits="1262" number="85"/>
            <line hits="1262" number="86"/>
            <line hits="1262" number="87"/>
            <line hits="1866" number="88"/>
            <line hits="1866" number="89"/>
            <line hits="0" number="90"/>
            <line hits="1866" number="92"/>
            <line hits="9614" number="96"/>
            <line hits="9614" number="97"/>
            <line hits="3534" number="98"/>
            <line hits="3534" number="99"/>
            <line hits="3534" number="100"/>
            <line hits="13060" number="101"/>
            <line hits="13060" number="102"/>
            <line hits="355" number="103"/>
            <line hits="13060" number="105"/>
            <line hits="9614" number="109"/>
            <line hits="9614" number="110"/>
            <line hits="2681" number="111"/>
            <line hits="2681" number="112"/>
            <line hits="2681" number="113"/>
            <line hits="4655" number="114"/>
            <line hits="4655" number="115"/>
            <line hits="2459" number="116"/>
            <line hits="4655" number="118"/>
            <line hits="9614" number="122"/>
            <line hits="1024" number="123"/>
            <line hits="1024" number="124"/>
            <line hits="1024" number="125"/>
            <line hits="1024" number="126"/>
            <line hits="9614" number="130"/>
            <line hits="9614" number="131"/>
            <line hits="9614" number="132"/>
            <line hits="9614" number="133"/>
            <line hits="9614" number="135"/>
            <line hits="9614" number="136"/>
            <line hits="9614" number="138"/>
            <line hits="9614" number="139"/>
            <line hits="6045" number="143"/>
            <line hits="6045" number="147"/>
            <line hits="0" number="148"/>
            <line hits="3368" number="152"/>
            <line hits="11832" number="157"/>
            <line hits="11832" number="158"/>
            <line hits="8477" number="159"/>
            <line hits="2542" number="160"/>
            <line hits="2542" number="161"/>
            <line hits="2542" number="162"/>
            <line hits="2542" number="163"/>
            <line hits="2542" number="164"/>
            <line hits="8477" number="166"/>
            <line hits="3355" number="168"/>
            <line hits="351" number="169"/>
            <line hits="3004" number="171"/>
            <line hits="6045" number="177"/>
            <line hits="1250" number="178"/>
            <line hits="1250" number="179"/>
            <line hits="6045" number="183"/>
            <line hits="1004" number="184"/>
            <line hits="1004" number="185"/>
            <line hits="2651" number="196"/>
            <line hits="4615" number="203"/>
            <line hits="4615" number="204"/>
            <line hits="4615" number="205"/>
            <line hits="4615" number="206"/>
            <line hits="3529" number="207"/>
            <line hits="2449" number="208"/>
            <line hits="1080" number="210"/>
            <line hits="3529" number="212"/>
            <line hits="1086" number="215"/>
            <line hits="0" number="216"/>
            <line hits="0" number="217"/>
            <line hits="1086" number="220"/>
            <line hits="1086" number="221"/>
            <line hits="1018" number="222"/>
            <line hits="4020" number="223"/>
            <line hits="4020" number="224"/>
            <line hits="4020" number="227"/>
            <line hits="4020" number="228"/>
            <line hits="4020" number="229"/>
            <line hits="4020" number="230"/>
            <line hits="4020" number="231"/>
            <line hits="4020" number="232"/>
            <line hits="4020" number="233"/>
            <line hits="1208" number="234"/>
            <line hits="2812" number="236"/>
            <line hits="4020" number="239"/>
            <line hits="0" number="240"/>
            <line hits="0" number="241"/>
            <line hits="0" number="242"/>
            <line hits="4020" number="245"/>
          </lines>
        </class>
        <class branch-rate="NaN" complexity="NaN" filename="+file\Link.m" line-rate="1" name="file.Link">
          <methods>
            <method branch-rate="NaN" line-rate="1" name="Link" signature="obj = Link(source)">
              <lines>
                <line hits="2048" number="11"/>
                <line hits="2048" number="12"/>
                <line hits="2048" number="13"/>
                <line hits="2048" number="14"/>
                <line hits="2048" number="15"/>
                <line hits="1024" number="16"/>
                <line hits="1024" number="19"/>
                <line hits="1024" number="20"/>
                <line hits="1024" number="21"/>
                <line hits="1024" number="23"/>
                <line hits="1024" number="24"/>
                <line hits="122" number="25"/>
                <line hits="122" number="26"/>
              </lines>
            </method>
          </methods>
          <lines>
            <line hits="2048" number="11"/>
            <line hits="2048" number="12"/>
            <line hits="2048" number="13"/>
            <line hits="2048" number="14"/>
            <line hits="2048" number="15"/>
            <line hits="1024" number="16"/>
            <line hits="1024" number="19"/>
            <line hits="1024" number="20"/>
            <line hits="1024" number="21"/>
            <line hits="1024" number="23"/>
            <line hits="1024" number="24"/>
            <line hits="122" number="25"/>
            <line hits="122" number="26"/>
          </lines>
        </class>
        <class branch-rate="NaN" complexity="NaN" filename="+file\addSpaces.m" line-rate="1" name="file.addSpaces">
          <methods/>
          <lines>
            <line hits="55391" number="2"/>
            <line hits="396" number="3"/>
            <line hits="54995" number="5"/>
            <line hits="54995" number="6"/>
          </lines>
        </class>
        <class branch-rate="NaN" complexity="NaN" filename="+file\cloneNwbFileClass.m" line-rate="0" name="file.cloneNwbFileClass">
          <methods/>
          <lines>
            <line hits="0" number="6"/>
            <line hits="0" number="7"/>
            <line hits="0" number="8"/>
            <line hits="0" number="9"/>
            <line hits="0" number="10"/>
            <line hits="0" number="11"/>
            <line hits="0" number="12"/>
            <line hits="0" number="14"/>
            <line hits="0" number="15"/>
            <line hits="0" number="16"/>
          </lines>
        </class>
        <class branch-rate="NaN" complexity="NaN" filename="+file\fillClass.m" line-rate="1" name="file.fillClass">
          <methods/>
          <lines>
            <line hits="5601" number="6"/>
            <line hits="5601" number="8"/>
            <line hits="5601" number="9"/>
            <line hits="5601" number="10"/>
            <line hits="5601" number="11"/>
            <line hits="5601" number="12"/>
            <line hits="5601" number="13"/>
            <line hits="5337" number="15"/>
            <line hits="23296" number="16"/>
            <line hits="23296" number="17"/>
            <line hits="23296" number="19"/>
            <line hits="13416" number="20"/>
            <line hits="9880" number="22"/>
            <line hits="23296" number="25"/>
            <line hits="6484" number="26"/>
            <line hits="2116" number="27"/>
            <line hits="6484" number="30"/>
            <line hits="3000" number="31"/>
            <line hits="6484" number="34"/>
            <line hits="4206" number="36"/>
            <line hits="4206" number="37"/>
            <line hits="4206" number="38"/>
            <line hits="2022" number="39"/>
            <line hits="5601" number="44"/>
            <line hits="5601" number="45"/>
            <line hits="5601" number="46"/>
            <line hits="5601" number="47"/>
            <line hits="5601" number="50"/>
            <line hits="149" number="51"/>
            <line hits="5452" number="53"/>
            <line hits="5452" number="54"/>
            <line hits="5601" number="57"/>
            <line hits="4706" number="58"/>
            <line hits="895" number="60"/>
            <line hits="5601" number="64"/>
            <line hits="5601" number="65"/>
            <line hits="5601" number="66"/>
            <line hits="5601" number="67"/>
            <line hits="5601" number="68"/>
            <line hits="5601" number="69"/>
            <line hits="5601" number="70"/>
            <line hits="5601" number="71"/>
            <line hits="5601" number="72"/>
            <line hits="5601" number="73"/>
            <line hits="5601" number="74"/>
            <line hits="5601" number="75"/>
            <line hits="5601" number="76"/>
            <line hits="5601" number="77"/>
            <line hits="5601" number="78"/>
            <line hits="16803" number="79"/>
            <line hits="16803" number="80"/>
            <line hits="16803" number="81"/>
            <line hits="5975" number="82"/>
            <line hits="5601" number="86"/>
            <line hits="5601" number="87"/>
            <line hits="5601" number="88"/>
            <line hits="5601" number="89"/>
            <line hits="5601" number="90"/>
            <line hits="5601" number="91"/>
            <line hits="5601" number="92"/>
            <line hits="5601" number="93"/>
            <line hits="5601" number="94"/>
            <line hits="5601" number="95"/>
            <line hits="5601" number="96"/>
            <line hits="5601" number="97"/>
            <line hits="5601" number="98"/>
            <line hits="5601" number="99"/>
            <line hits="5601" number="101"/>
            <line hits="68" number="102"/>
            <line hits="5601" number="105"/>
            <line hits="5601" number="106"/>
            <line hits="5601" number="107"/>
            <line hits="5601" number="108"/>
          </lines>
        </class>
        <class branch-rate="NaN" complexity="NaN" filename="+file\fillConstructor.m" line-rate="0.9569" name="file.fillConstructor">
          <methods/>
          <lines>
            <line hits="5601" number="2"/>
            <line hits="5601" number="3"/>
            <line hits="5601" number="5"/>
            <line hits="5601" number="6"/>
            <line hits="5601" number="7"/>
            <line hits="5601" number="10"/>
            <line hits="5601" number="11"/>
            <line hits="5601" number="12"/>
            <line hits="5601" number="13"/>
            <line hits="5601" number="16"/>
            <line hits="5601" number="17"/>
            <line hits="724" number="18"/>
            <line hits="5601" number="21"/>
            <line hits="5601" number="22"/>
            <line hits="5601" number="23"/>
            <line hits="5601" number="24"/>
            <line hits="5601" number="29"/>
            <line hits="4163" number="30"/>
            <line hits="1438" number="32"/>
            <line hits="1438" number="33"/>
            <line hits="3000" number="34"/>
            <line hits="3000" number="35"/>
            <line hits="2416" number="36"/>
            <line hits="584" number="38"/>
            <line hits="584" number="39"/>
            <line hits="584" number="40"/>
            <line hits="584" number="41"/>
            <line hits="1438" number="44"/>
            <line hits="1438" number="46"/>
            <line hits="1438" number="47"/>
            <line hits="5601" number="49"/>
            <line hits="5601" number="51"/>
            <line hits="1098" number="52"/>
            <line hits="4503" number="55"/>
            <line hits="4503" number="56"/>
            <line hits="4503" number="57"/>
            <line hits="4503" number="58"/>
            <line hits="4503" number="59"/>
            <line hits="4503" number="60"/>
            <line hits="19262" number="61"/>
            <line hits="19262" number="62"/>
            <line hits="19262" number="64"/>
            <line hits="13501" number="65"/>
            <line hits="13501" number="66"/>
            <line hits="13501" number="68"/>
            <line hits="6430" number="69"/>
            <line hits="6430" number="70"/>
            <line hits="6430" number="71"/>
            <line hits="0" number="72"/>
            <line hits="0" number="73"/>
            <line hits="0" number="74"/>
            <line hits="5761" number="78"/>
            <line hits="4688" number="79"/>
            <line hits="4503" number="84"/>
            <line hits="4503" number="85"/>
            <line hits="4503" number="86"/>
            <line hits="4503" number="88"/>
            <line hits="4503" number="89"/>
            <line hits="4503" number="90"/>
            <line hits="0" number="91"/>
            <line hits="0" number="92"/>
            <line hits="4503" number="94"/>
            <line hits="4503" number="97"/>
            <line hits="4503" number="100"/>
            <line hits="4503" number="101"/>
            <line hits="4503" number="102"/>
            <line hits="4503" number="103"/>
            <line hits="4503" number="104"/>
            <line hits="4503" number="105"/>
            <line hits="4503" number="106"/>
            <line hits="4503" number="107"/>
            <line hits="4503" number="108"/>
            <line hits="4503" number="109"/>
            <line hits="4503" number="114"/>
            <line hits="4503" number="115"/>
            <line hits="4503" number="116"/>
            <line hits="4503" number="117"/>
            <line hits="4503" number="118"/>
            <line hits="4503" number="119"/>
            <line hits="4503" number="120"/>
            <line hits="4503" number="121"/>
            <line hits="4503" number="122"/>
            <line hits="4503" number="124"/>
            <line hits="4503" number="125"/>
            <line hits="4503" number="126"/>
            <line hits="4503" number="127"/>
            <line hits="4503" number="128"/>
            <line hits="4503" number="130"/>
            <line hits="4503" number="131"/>
            <line hits="3498" number="132"/>
            <line hits="17800" number="133"/>
            <line hits="17800" number="134"/>
            <line hits="17800" number="135"/>
            <line hits="17800" number="136"/>
            <line hits="950" number="137"/>
            <line hits="16850" number="139"/>
            <line hits="4503" number="143"/>
            <line hits="4503" number="145"/>
            <line hits="4503" number="147"/>
            <line hits="4503" number="148"/>
            <line hits="4503" number="149"/>
            <line hits="5601" number="153"/>
            <line hits="5601" number="156"/>
            <line hits="5601" number="157"/>
            <line hits="5452" number="158"/>
            <line hits="15381" number="159"/>
            <line hits="15381" number="161"/>
            <line hits="15381" number="162"/>
            <line hits="15381" number="163"/>
            <line hits="5601" number="166"/>
            <line hits="4877" number="167"/>
            <line hits="724" number="170"/>
            <line hits="724" number="171"/>
            <line hits="724" number="172"/>
            <line hits="724" number="173"/>
            <line hits="724" number="174"/>
          </lines>
        </class>
        <class branch-rate="NaN" complexity="NaN" filename="+file\fillDynamicTableMethods.m" line-rate="1" name="file.fillDynamicTableMethods">
          <methods/>
          <lines>
            <line hits="68" number="2"/>
            <line hits="68" number="3"/>
            <line hits="68" number="4"/>
            <line hits="68" number="5"/>
            <line hits="68" number="6"/>
            <line hits="68" number="7"/>
            <line hits="68" number="8"/>
            <line hits="68" number="9"/>
            <line hits="68" number="10"/>
            <line hits="68" number="11"/>
            <line hits="68" number="12"/>
            <line hits="68" number="13"/>
            <line hits="68" number="14"/>
            <line hits="68" number="15"/>
            <line hits="68" number="16"/>
            <line hits="68" number="17"/>
            <line hits="68" number="18"/>
            <line hits="68" number="19"/>
            <line hits="68" number="20"/>
            <line hits="68" number="21"/>
          </lines>
        </class>
        <class branch-rate="NaN" complexity="NaN" filename="+file\fillExport.m" line-rate="0.98473" name="file.fillExport">
          <methods/>
          <lines>
            <line hits="5601" number="2"/>
            <line hits="5601" number="3"/>
            <line hits="895" number="4"/>
            <line hits="5601" number="7"/>
            <line hits="5601" number="8"/>
            <line hits="5601" number="9"/>
            <line hits="5601" number="10"/>
            <line hits="5601" number="11"/>
            <line hits="5601" number="12"/>
            <line hits="5601" number="14"/>
            <line hits="68" number="18"/>
            <line hits="4436" number="21"/>
            <line hits="19193" number="22"/>
            <line hits="19193" number="23"/>
            <line hits="19193" number="24"/>
            <line hits="0" number="25"/>
            <line hits="19193" number="28"/>
            <line hits="19193" number="29"/>
            <line hits="19193" number="30"/>
            <line hits="5298" number="32"/>
            <line hits="5820" number="33"/>
            <line hits="19193" number="36"/>
            <line hits="19193" number="37"/>
            <line hits="2290" number="38"/>
            <line hits="19193" number="40"/>
            <line hits="5601" number="43"/>
            <line hits="5601" number="44"/>
            <line hits="5601" number="45"/>
            <line hits="25013" number="49"/>
            <line hits="25013" number="50"/>
            <line hits="25013" number="51"/>
            <line hits="21513" number="53"/>
            <line hits="21513" number="54"/>
            <line hits="21513" number="55"/>
            <line hits="21513" number="56"/>
            <line hits="21513" number="58"/>
            <line hits="7006" number="59"/>
            <line hits="21513" number="62"/>
            <line hits="10508" number="63"/>
            <line hits="10508" number="64"/>
            <line hits="10508" number="65"/>
            <line hits="10508" number="66"/>
            <line hits="21513" number="69"/>
            <line hits="19285" number="70"/>
            <line hits="19285" number="71"/>
            <line hits="19285" number="72"/>
            <line hits="19285" number="73"/>
            <line hits="21513" number="76"/>
            <line hits="4644" number="77"/>
            <line hits="21513" number="80"/>
            <line hits="15693" number="81"/>
            <line hits="15693" number="82"/>
            <line hits="15693" number="83"/>
            <line hits="15693" number="84"/>
            <line hits="15693" number="85"/>
            <line hits="1188" number="86"/>
            <line hits="14505" number="87"/>
            <line hits="3287" number="88"/>
            <line hits="11218" number="89"/>
            <line hits="10214" number="90"/>
            <line hits="1004" number="91"/>
            <line hits="1004" number="92"/>
            <line hits="15693" number="94"/>
            <line hits="5820" number="98"/>
            <line hits="3672" number="99"/>
            <line hits="17624" number="100"/>
            <line hits="17624" number="101"/>
            <line hits="17624" number="102"/>
            <line hits="2812" number="103"/>
            <line hits="2812" number="104"/>
            <line hits="2812" number="105"/>
            <line hits="2812" number="106"/>
            <line hits="3008" number="110"/>
            <line hits="13374" number="111"/>
            <line hits="13374" number="112"/>
            <line hits="13374" number="113"/>
            <line hits="3008" number="114"/>
            <line hits="3008" number="115"/>
            <line hits="3008" number="116"/>
            <line hits="3008" number="117"/>
            <line hits="3500" number="122"/>
            <line hits="3500" number="123"/>
            <line hits="0" number="124"/>
            <line hits="3500" number="126"/>
            <line hits="3500" number="127"/>
            <line hits="19193" number="132"/>
            <line hits="13895" number="133"/>
            <line hits="13895" number="134"/>
            <line hits="5298" number="136"/>
            <line hits="5298" number="137"/>
            <line hits="19193" number="140"/>
            <line hits="1452" number="141"/>
            <line hits="17741" number="142"/>
            <line hits="17741" number="143"/>
            <line hits="5982" number="145"/>
            <line hits="11759" number="146"/>
            <line hits="7071" number="147"/>
            <line hits="7071" number="150"/>
            <line hits="68" number="151"/>
            <line hits="7003" number="152"/>
            <line hits="2529" number="153"/>
            <line hits="7071" number="158"/>
            <line hits="65" number="159"/>
            <line hits="7006" number="161"/>
            <line hits="7071" number="165"/>
            <line hits="7071" number="166"/>
            <line hits="7071" number="167"/>
            <line hits="7071" number="168"/>
            <line hits="7071" number="169"/>
            <line hits="7071" number="170"/>
            <line hits="7071" number="171"/>
            <line hits="7071" number="172"/>
            <line hits="7071" number="173"/>
            <line hits="7071" number="174"/>
            <line hits="4688" number="176"/>
            <line hits="3524" number="177"/>
            <line hits="1164" number="179"/>
            <line hits="4688" number="181"/>
            <line hits="4688" number="182"/>
            <line hits="19193" number="185"/>
            <line hits="19193" number="187"/>
            <line hits="3008" number="189"/>
            <line hits="2940" number="190"/>
            <line hits="68" number="192"/>
            <line hits="68" number="193"/>
            <line hits="68" number="194"/>
            <line hits="3008" number="196"/>
            <line hits="19193" number="199"/>
            <line hits="9098" number="200"/>
            <line hits="19193" number="203"/>
            <line hits="11766" number="204"/>
          </lines>
        </class>
        <class branch-rate="NaN" complexity="NaN" filename="+file\fillProps.m" line-rate="0.95161" name="file.fillProps">
          <methods/>
          <lines>
            <line hits="16803" number="2"/>
            <line hits="16803" number="3"/>
            <line hits="16803" number="4"/>
            <line hits="16803" number="5"/>
            <line hits="16803" number="6"/>
            <line hits="16803" number="7"/>
            <line hits="16803" number="8"/>
            <line hits="16803" number="9"/>
            <line hits="16803" number="11"/>
            <line hits="5601" number="12"/>
            <line hits="11202" number="14"/>
            <line hits="16803" number="17"/>
            <line hits="5975" number="18"/>
            <line hits="19262" number="19"/>
            <line hits="19262" number="20"/>
            <line hits="16803" number="23"/>
            <line hits="11202" number="24"/>
            <line hits="5601" number="26"/>
            <line hits="16803" number="29"/>
            <line hits="10828" number="30"/>
            <line hits="5975" number="32"/>
            <line hits="5975" number="33"/>
            <line hits="5975" number="34"/>
            <line hits="5975" number="35"/>
            <line hits="26529" number="40"/>
            <line hits="7267" number="41"/>
            <line hits="19262" number="42"/>
            <line hits="65" number="43"/>
            <line hits="65" number="44"/>
            <line hits="65" number="45"/>
            <line hits="196" number="46"/>
            <line hits="196" number="47"/>
            <line hits="65" number="49"/>
            <line hits="19197" number="50"/>
            <line hits="4688" number="51"/>
            <line hits="190" number="52"/>
            <line hits="190" number="53"/>
            <line hits="2" number="54"/>
            <line hits="188" number="55"/>
            <line hits="188" number="56"/>
            <line hits="0" number="58"/>
            <line hits="190" number="60"/>
            <line hits="4498" number="62"/>
            <line hits="14509" number="64"/>
            <line hits="4" number="65"/>
            <line hits="4" number="66"/>
            <line hits="3" number="67"/>
            <line hits="1" number="68"/>
            <line hits="1" number="69"/>
            <line hits="0" number="71"/>
            <line hits="4" number="73"/>
            <line hits="14505" number="74"/>
            <line hits="7071" number="75"/>
            <line hits="7434" number="76"/>
            <line hits="0" number="77"/>
            <line hits="7434" number="79"/>
            <line hits="26529" number="82"/>
            <line hits="18189" number="83"/>
            <line hits="8340" number="85"/>
            <line hits="26529" number="88"/>
            <line hits="26529" number="90"/>
            <line hits="196" number="91"/>
          </lines>
        </class>
        <class branch-rate="NaN" complexity="NaN" filename="+file\fillSetters.m" line-rate="1" name="file.fillSetters">
          <methods/>
          <lines>
            <line hits="5601" number="2"/>
            <line hits="4499" number="3"/>
            <line hits="18390" number="4"/>
            <line hits="18390" number="5"/>
            <line hits="18390" number="6"/>
            <line hits="18390" number="7"/>
            <line hits="18390" number="8"/>
            <line hits="5601" number="10"/>
          </lines>
        </class>
        <class branch-rate="NaN" complexity="NaN" filename="+file\fillValidators.m" line-rate="0.69492" name="file.fillValidators">
          <methods/>
          <lines>
            <line hits="5601" number="2"/>
            <line hits="5337" number="3"/>
            <line hits="23296" number="4"/>
            <line hits="23296" number="5"/>
            <line hits="23296" number="8"/>
            <line hits="2116" number="9"/>
            <line hits="21180" number="11"/>
            <line hits="20285" number="12"/>
            <line hits="895" number="14"/>
            <line hits="21180" number="16"/>
            <line hits="21180" number="17"/>
            <line hits="333" number="18"/>
            <line hits="20847" number="20"/>
            <line hits="20847" number="21"/>
            <line hits="21180" number="23"/>
            <line hits="20285" number="28"/>
            <line hits="20285" number="29"/>
            <line hits="20285" number="30"/>
            <line hits="11692" number="31"/>
            <line hits="8477" number="32"/>
            <line hits="8477" number="33"/>
            <line hits="8477" number="34"/>
            <line hits="8477" number="35"/>
            <line hits="3215" number="36"/>
            <line hits="274" number="37"/>
            <line hits="274" number="38"/>
            <line hits="0" number="39"/>
            <line hits="0" number="40"/>
            <line hits="0" number="41"/>
            <line hits="0" number="44"/>
            <line hits="0" number="45"/>
            <line hits="0" number="46"/>
            <line hits="0" number="47"/>
            <line hits="274" number="49"/>
            <line hits="274" number="50"/>
            <line hits="274" number="51"/>
            <line hits="274" number="52"/>
            <line hits="2941" number="54"/>
            <line hits="2941" number="55"/>
            <line hits="0" number="56"/>
            <line hits="0" number="57"/>
            <line hits="0" number="58"/>
            <line hits="0" number="61"/>
            <line hits="0" number="62"/>
            <line hits="0" number="63"/>
            <line hits="0" number="64"/>
            <line hits="2941" number="66"/>
            <line hits="2941" number="67"/>
            <line hits="8593" number="69"/>
            <line hits="3221" number="70"/>
            <line hits="0" number="71"/>
            <line hits="0" number="78"/>
            <line hits="0" number="79"/>
            <line hits="0" number="81"/>
            <line hits="0" number="82"/>
            <line hits="0" number="84"/>
            <line hits="0" number="85"/>
            <line hits="0" number="86"/>
            <line hits="0" number="88"/>
            <line hits="0" number="98"/>
            <line hits="0" number="99"/>
            <line hits="0" number="100"/>
            <line hits="0" number="101"/>
            <line hits="0" number="102"/>
            <line hits="0" number="105"/>
            <line hits="0" number="106"/>
            <line hits="0" number="108"/>
            <line hits="0" number="113"/>
            <line hits="0" number="114"/>
            <line hits="0" number="115"/>
            <line hits="0" number="116"/>
            <line hits="0" number="120"/>
            <line hits="0" number="121"/>
            <line hits="0" number="122"/>
            <line hits="0" number="123"/>
            <line hits="0" number="124"/>
            <line hits="0" number="125"/>
            <line hits="0" number="127"/>
            <line hits="0" number="128"/>
            <line hits="0" number="129"/>
            <line hits="0" number="132"/>
            <line hits="0" number="133"/>
            <line hits="0" number="134"/>
            <line hits="0" number="135"/>
            <line hits="0" number="136"/>
            <line hits="0" number="137"/>
            <line hits="0" number="139"/>
            <line hits="0" number="140"/>
            <line hits="0" number="141"/>
            <line hits="0" number="142"/>
            <line hits="3221" number="143"/>
            <line hits="2132" number="144"/>
            <line hits="2132" number="145"/>
            <line hits="2132" number="146"/>
            <line hits="2132" number="147"/>
            <line hits="2132" number="148"/>
            <line hits="1089" number="150"/>
            <line hits="1089" number="151"/>
            <line hits="5372" number="153"/>
            <line hits="4368" number="154"/>
            <line hits="4368" number="155"/>
            <line hits="4368" number="156"/>
            <line hits="4368" number="157"/>
            <line hits="1004" number="159"/>
            <line hits="1004" number="160"/>
            <line hits="12845" number="165"/>
            <line hits="396" number="166"/>
            <line hits="396" number="167"/>
            <line hits="12449" number="170"/>
            <line hits="4581" number="171"/>
            <line hits="780" number="172"/>
            <line hits="1628" number="173"/>
            <line hits="3220" number="174"/>
            <line hits="1628" number="176"/>
            <line hits="780" number="178"/>
            <line hits="3801" number="180"/>
            <line hits="4677" number="181"/>
            <line hits="3801" number="183"/>
            <line hits="7868" number="186"/>
            <line hits="12449" number="189"/>
            <line hits="12449" number="190"/>
            <line hits="12449" number="191"/>
            <line hits="12449" number="192"/>
            <line hits="12449" number="193"/>
            <line hits="12449" number="194"/>
            <line hits="12449" number="195"/>
            <line hits="12449" number="196"/>
            <line hits="12449" number="197"/>
            <line hits="12449" number="198"/>
            <line hits="12449" number="199"/>
            <line hits="12449" number="200"/>
            <line hits="12449" number="201"/>
            <line hits="12449" number="202"/>
            <line hits="12449" number="203"/>
            <line hits="12449" number="204"/>
            <line hits="18774" number="209"/>
            <line hits="115" number="210"/>
            <line hits="115" number="211"/>
            <line hits="115" number="212"/>
            <line hits="115" number="213"/>
            <line hits="115" number="214"/>
            <line hits="115" number="215"/>
            <line hits="115" number="216"/>
            <line hits="115" number="217"/>
            <line hits="115" number="218"/>
            <line hits="115" number="219"/>
            <line hits="115" number="220"/>
            <line hits="115" number="221"/>
            <line hits="346" number="222"/>
            <line hits="346" number="223"/>
            <line hits="52" number="225"/>
            <line hits="52" number="226"/>
            <line hits="1" number="227"/>
            <line hits="51" number="228"/>
            <line hits="51" number="229"/>
            <line hits="52" number="231"/>
            <line hits="294" number="233"/>
            <line hits="346" number="235"/>
            <line hits="115" number="237"/>
            <line hits="115" number="238"/>
            <line hits="18659" number="240"/>
            <line hits="18659" number="241"/>
            <line hits="208" number="243"/>
            <line hits="208" number="244"/>
            <line hits="208" number="245"/>
            <line hits="4" number="246"/>
            <line hits="204" number="247"/>
            <line hits="204" number="248"/>
            <line hits="208" number="250"/>
            <line hits="208" number="253"/>
            <line hits="208" number="254"/>
            <line hits="18451" number="255"/>
            <line hits="729" number="256"/>
            <line hits="729" number="257"/>
            <line hits="17722" number="259"/>
            <line hits="17930" number="261"/>
            <line hits="17930" number="262"/>
          </lines>
        </class>
        <class branch-rate="NaN" complexity="NaN" filename="+file\formatShape.m" line-rate="0.81818" name="file.formatShape">
          <methods/>
          <lines>
            <line hits="9597" number="3"/>
            <line hits="9597" number="5"/>
            <line hits="0" number="6"/>
            <line hits="0" number="7"/>
            <line hits="9597" number="10"/>
            <line hits="9597" number="11"/>
            <line hits="17019" number="12"/>
            <line hits="3188" number="13"/>
            <line hits="13831" number="14"/>
            <line hits="11693" number="15"/>
            <line hits="9597" number="18"/>
          </lines>
        </class>
        <class branch-rate="NaN" complexity="NaN" filename="+file\isShapeScalar.m" line-rate="0.875" name="file.isShapeScalar">
          <methods/>
          <lines>
            <line hits="6409" number="2"/>
            <line hits="0" number="3"/>
            <line hits="6409" number="4"/>
            <line hits="1296" number="5"/>
            <line hits="3188" number="6"/>
            <line hits="6409" number="10"/>
            <line hits="6409" number="11"/>
            <line hits="9721" number="12"/>
          </lines>
        </class>
        <class branch-rate="NaN" complexity="NaN" filename="+file\mapType.m" line-rate="0.95455" name="file.mapType">
          <methods/>
          <lines>
            <line hits="20403" number="4"/>
            <line hits="599" number="6"/>
            <line hits="599" number="7"/>
            <line hits="599" number="8"/>
            <line hits="599" number="9"/>
            <line hits="1668" number="10"/>
            <line hits="1668" number="11"/>
            <line hits="1668" number="12"/>
            <line hits="1668" number="13"/>
            <line hits="1668" number="14"/>
            <line hits="1668" number="15"/>
            <line hits="19804" number="17"/>
            <line hits="16" number="18"/>
            <line hits="19788" number="19"/>
            <line hits="782" number="20"/>
            <line hits="19006" number="21"/>
            <line hits="9226" number="22"/>
            <line hits="9780" number="23"/>
            <line hits="0" number="24"/>
            <line hits="9780" number="25"/>
            <line hits="282" number="26"/>
            <line hits="9498" number="28"/>
          </lines>
        </class>
        <class branch-rate="NaN" complexity="NaN" filename="+file\processClass.m" line-rate="0.87097" name="file.processClass">
          <methods/>
          <lines>
            <line hits="5601" number="2"/>
            <line hits="5601" number="3"/>
            <line hits="5601" number="4"/>
            <line hits="5601" number="5"/>
            <line hits="5601" number="6"/>
            <line hits="20982" number="7"/>
            <line hits="20982" number="8"/>
            <line hits="5601" number="11"/>
            <line hits="20982" number="12"/>
            <line hits="20982" number="13"/>
            <line hits="20982" number="14"/>
            <line hits="20982" number="16"/>
            <line hits="6084" number="17"/>
            <line hits="6084" number="18"/>
            <line hits="4959" number="19"/>
            <line hits="1125" number="20"/>
            <line hits="1125" number="21"/>
            <line hits="0" number="23"/>
            <line hits="0" number="24"/>
            <line hits="6084" number="26"/>
            <line hits="6084" number="27"/>
            <line hits="20982" number="29"/>
            <line hits="20982" number="30"/>
            <line hits="0" number="31"/>
            <line hits="0" number="32"/>
            <line hits="5601" number="35"/>
            <line hits="5601" number="36"/>
            <line hits="5452" number="37"/>
            <line hits="15381" number="38"/>
            <line hits="15381" number="39"/>
            <line hits="15381" number="40"/>
          </lines>
        </class>
        <class branch-rate="NaN" complexity="NaN" filename="+file\writeNamespace.m" line-rate="0.78947" name="file.writeNamespace">
          <methods/>
          <lines>
            <line hits="192" number="3"/>
            <line hits="192" number="5"/>
            <line hits="192" number="7"/>
            <line hits="192" number="8"/>
            <line hits="192" number="11"/>
            <line hits="192" number="12"/>
            <line hits="192" number="13"/>
            <line hits="5601" number="14"/>
            <line hits="5601" number="15"/>
            <line hits="5601" number="17"/>
            <line hits="0" number="18"/>
            <line hits="5601" number="21"/>
            <line hits="5601" number="22"/>
            <line hits="5601" number="23"/>
            <line hits="5601" number="24"/>
            <line hits="0" number="25"/>
            <line hits="0" number="26"/>
            <line hits="0" number="27"/>
            <line hits="5601" number="29"/>
          </lines>
        </class>
      </classes>
    </package>
    <package branch-rate="NaN" complexity="NaN" line-rate="0.78678" name="io">
      <classes>
        <class branch-rate="NaN" complexity="NaN" filename="+io\getBaseType.m" line-rate="0.91176" name="io.getBaseType">
          <methods/>
          <lines>
            <line hits="3367" number="4"/>
            <line hits="60" number="5"/>
            <line hits="3307" number="6"/>
            <line hits="402" number="7"/>
            <line hits="2905" number="8"/>
            <line hits="2724" number="10"/>
            <line hits="2724" number="11"/>
            <line hits="2724" number="12"/>
            <line hits="181" number="13"/>
            <line hits="137" number="14"/>
            <line hits="44" number="15"/>
            <line hits="0" number="16"/>
            <line hits="44" number="17"/>
            <line hits="0" number="18"/>
            <line hits="44" number="19"/>
            <line hits="44" number="20"/>
            <line hits="44" number="21"/>
            <line hits="44" number="22"/>
            <line hits="12" number="23"/>
            <line hits="44" number="25"/>
            <line hits="44" number="27"/>
            <line hits="44" number="28"/>
            <line hits="25" number="29"/>
[...]
            <line hits="63" number="45"/>
          </lines>
        </class>
        <class branch-rate="NaN" complexity="NaN" filename="+types\+util\+dynamictable\addTableColumn.m" line-rate="1" name="types.util.dynamictable.addTableColumn">
          <methods/>
          <lines>
            <line hits="1" number="2"/>
            <line hits="1" number="3"/>
            <line hits="1" number="4"/>
          </lines>
        </class>
        <class branch-rate="NaN" complexity="NaN" filename="+types\+util\+dynamictable\addTableRow.m" line-rate="1" name="types.util.dynamictable.addTableRow">
          <methods/>
          <lines>
            <line hits="7" number="2"/>
            <line hits="7" number="3"/>
            <line hits="7" number="4"/>
            <line hits="7" number="5"/>
          </lines>
        </class>
        <class branch-rate="NaN" complexity="NaN" filename="+types\+util\+dynamictable\addVarargColumn.m" line-rate="0.93548" name="types.util.dynamictable.addVarargColumn">
          <methods/>
          <lines>
            <line hits="2" number="4"/>
            <line hits="2" number="5"/>
            <line hits="2" number="6"/>
            <line hits="2" number="7"/>
            <line hits="2" number="8"/>
            <line hits="2" number="9"/>
            <line hits="2" number="11"/>
            <line hits="2" number="12"/>
            <line hits="2" number="15"/>
            <line hits="3" number="16"/>
            <line hits="3" number="17"/>
            <line hits="3" number="19"/>
            <line hits="3" number="20"/>
            <line hits="3" number="21"/>
            <line hits="2" number="22"/>
            <line hits="2" number="23"/>
            <line hits="2" number="24"/>
            <line hits="1" number="26"/>
            <line hits="1" number="27"/>
            <line hits="1" number="28"/>
            <line hits="3" number="31"/>
            <line hits="3" number="32"/>
            <line hits="2" number="33"/>
            <line hits="0" number="36"/>
            <line hits="0" number="37"/>
            <line hits="3" number="40"/>
            <line hits="3" number="46"/>
            <line hits="3" number="48"/>
            <line hits="3" number="49"/>
            <line hits="5" number="50"/>
            <line hits="3" number="53"/>
          </lines>
        </class>
        <class branch-rate="NaN" complexity="NaN" filename="+types\+util\+dynamictable\addVarargRow.m" line-rate="0.95238" name="types.util.dynamictable.addVarargRow">
          <methods/>
          <lines>
            <line hits="63" number="2"/>
            <line hits="63" number="3"/>
            <line hits="63" number="4"/>
            <line hits="63" number="5"/>
            <line hits="63" number="7"/>
            <line hits="264" number="8"/>
            <line hits="63" number="11"/>
            <line hits="63" number="13"/>
            <line hits="63" number="14"/>
            <line hits="63" number="15"/>
            <line hits="63" number="17"/>
            <line hits="63" number="20"/>
            <line hits="63" number="22"/>
            <line hits="63" number="23"/>
            <line hits="63" number="24"/>
            <line hits="63" number="25"/>
            <line hits="63" number="27"/>
            <line hits="63" number="28"/>
            <line hits="38" number="29"/>
            <line hits="63" number="32"/>
            <line hits="63" number="33"/>
            <line hits="255" number="34"/>
            <line hits="255" number="35"/>
            <line hits="255" number="37"/>
            <line hits="197" number="38"/>
            <line hits="255" number="41"/>
            <line hits="60" number="44"/>
            <line hits="35" number="45"/>
            <line hits="25" number="46"/>
            <line hits="0" number="47"/>
            <line hits="25" number="49"/>
            <line hits="60" number="52"/>
            <line hits="0" number="53"/>
            <line hits="60" number="55"/>
            <line hits="199" number="60"/>
            <line hits="46" number="61"/>
            <line hits="46" number="62"/>
            <line hits="46" number="63"/>
            <line hits="153" number="64"/>
            <line hits="1" number="65"/>
            <line hits="2" number="66"/>
            <line hits="152" number="69"/>
          </lines>
        </class>
        <class branch-rate="NaN" complexity="NaN" filename="+types\+util\+dynamictable\addVecInd.m" line-rate="0.82609" name="types.util.dynamictable.addVecInd">
          <methods/>
          <lines>
            <line hits="12" number="3"/>
            <line hits="12" number="4"/>
            <line hits="12" number="6"/>
            <line hits="4" number="7"/>
            <line hits="8" number="9"/>
            <line hits="12" number="12"/>
            <line hits="0" number="13"/>
            <line hits="12" number="14"/>
            <line hits="0" number="15"/>
            <line hits="12" number="16"/>
            <line hits="3" number="17"/>
            <line hits="9" number="19"/>
            <line hits="12" number="25"/>
            <line hits="12" number="26"/>
            <line hits="12" number="27"/>
            <line hits="0" number="29"/>
            <line hits="11" number="32"/>
            <line hits="11" number="33"/>
            <line hits="11" number="36"/>
            <line hits="4" number="37"/>
            <line hits="7" number="38"/>
            <line hits="0" number="39"/>
            <line hits="7" number="41"/>
          </lines>
        </class>
        <class branch-rate="NaN" complexity="NaN" filename="+types\+util\+dynamictable\checkConfig.m" line-rate="0.90816" name="types.util.dynamictable.checkConfig">
          <methods/>
          <lines>
            <line hits="113" number="16"/>
            <line hits="113" number="17"/>
            <line hits="0" number="19"/>
            <line hits="113" number="22"/>
            <line hits="3" number="23"/>
            <line hits="3" number="24"/>
            <line hits="3" number="25"/>
            <line hits="1" number="26"/>
            <line hits="110" number="30"/>
            <line hits="110" number="33"/>
            <line hits="110" number="35"/>
            <line hits="110" number="36"/>
            <line hits="472" number="37"/>
            <line hits="472" number="38"/>
            <line hits="110" number="41"/>
            <line hits="110" number="42"/>
            <line hits="0" number="43"/>
            <line hits="110" number="45"/>
            <line hits="110" number="46"/>
            <line hits="110" number="47"/>
            <line hits="110" number="48"/>
            <line hits="109" number="50"/>
            <line hits="13" number="51"/>
            <line hits="13" number="52"/>
            <line hits="2" number="53"/>
            <line hits="11" number="55"/>
            <line hits="13" number="57"/>
            <line hits="96" number="60"/>
            <line hits="96" number="61"/>
            <line hits="96" number="62"/>
            <line hits="96" number="63"/>
            <line hits="3" number="70"/>
            <line hits="3" number="71"/>
            <line hits="3" number="72"/>
            <line hits="30" number="73"/>
            <line hits="30" number="74"/>
            <line hits="30" number="75"/>
            <line hits="30" number="76"/>
            <line hits="1" number="77"/>
            <line hits="3" number="81"/>
            <line hits="1" number="82"/>
            <line hits="1" number="83"/>
            <line hits="1" number="84"/>
            <line hits="1" number="85"/>
            <line hits="1" number="86"/>
            <line hits="0" number="87"/>
            <line hits="1" number="88"/>
            <line hits="0" number="89"/>
            <line hits="1" number="91"/>
            <line hits="1" number="93"/>
            <line hits="1" number="94"/>
            <line hits="568" number="102"/>
            <line hits="86" number="103"/>
            <line hits="482" number="105"/>
            <line hits="498" number="108"/>
            <line hits="39" number="109"/>
            <line hits="459" number="110"/>
            <line hits="0" number="111"/>
            <line hits="459" number="112"/>
            <line hits="34" number="113"/>
            <line hits="425" number="114"/>
            <line hits="16" number="115"/>
            <line hits="16" number="116"/>
            <line hits="0" number="117"/>
            <line hits="16" number="119"/>
            <line hits="409" number="121"/>
            <line hits="86" number="122"/>
            <line hits="323" number="124"/>
            <line hits="472" number="130"/>
            <line hits="184" number="131"/>
            <line hits="288" number="132"/>
            <line hits="0" number="133"/>
            <line hits="288" number="134"/>
            <line hits="248" number="135"/>
            <line hits="40" number="137"/>
            <line hits="472" number="142"/>
            <line hits="472" number="143"/>
            <line hits="472" number="144"/>
            <line hits="560" number="145"/>
            <line hits="560" number="146"/>
            <line hits="472" number="147"/>
            <line hits="88" number="149"/>
            <line hits="88" number="150"/>
            <line hits="88" number="151"/>
            <line hits="88" number="152"/>
            <line hits="88" number="153"/>
            <line hits="110" number="159"/>
            <line hits="110" number="160"/>
            <line hits="110" number="161"/>
            <line hits="110" number="162"/>
            <line hits="110" number="163"/>
            <line hits="0" number="164"/>
            <line hits="110" number="167"/>
            <line hits="472" number="168"/>
            <line hits="472" number="169"/>
            <line hits="472" number="170"/>
            <line hits="110" number="173"/>
            <line hits="0" number="174"/>
          </lines>
        </class>
        <class branch-rate="NaN" complexity="NaN" filename="+types\+util\+dynamictable\clear.m" line-rate="0" name="types.util.dynamictable.clear">
          <methods/>
          <lines>
            <line hits="0" number="4"/>
            <line hits="0" number="5"/>
            <line hits="0" number="7"/>
            <line hits="0" number="8"/>
            <line hits="0" number="9"/>
            <line hits="0" number="10"/>
            <line hits="0" number="11"/>
          </lines>
        </class>
        <class branch-rate="NaN" complexity="NaN" filename="+types\+util\+dynamictable\getIndex.m" line-rate="0.93023" name="types.util.dynamictable.getIndex">
          <methods/>
          <lines>
            <line hits="1169" number="3"/>
            <line hits="1169" number="4"/>
            <line hits="1169" number="5"/>
            <line hits="1169" number="6"/>
            <line hits="1169" number="7"/>
            <line hits="1169" number="8"/>
            <line hits="0" number="9"/>
            <line hits="1169" number="14"/>
            <line hits="1169" number="15"/>
            <line hits="16" number="16"/>
            <line hits="1153" number="18"/>
            <line hits="1017" number="20"/>
            <line hits="4914" number="21"/>
            <line hits="4914" number="22"/>
            <line hits="0" number="23"/>
            <line hits="4914" number="25"/>
            <line hits="4914" number="27"/>
            <line hits="4914" number="28"/>
            <line hits="3767" number="29"/>
            <line hits="1147" number="31"/>
            <line hits="177" number="32"/>
            <line hits="177" number="33"/>
            <line hits="992" number="40"/>
            <line hits="992" number="41"/>
            <line hits="992" number="42"/>
            <line hits="9162" number="43"/>
            <line hits="9162" number="44"/>
            <line hits="9162" number="45"/>
            <line hits="992" number="48"/>
            <line hits="56" number="49"/>
            <line hits="69" number="50"/>
            <line hits="69" number="51"/>
            <line hits="69" number="52"/>
            <line hits="28" number="53"/>
            <line hits="28" number="54"/>
            <line hits="1216" number="60"/>
            <line hits="155" number="61"/>
            <line hits="1061" number="62"/>
            <line hits="377" number="63"/>
            <line hits="684" number="65"/>
            <line hits="0" number="66"/>
            <line hits="684" number="68"/>
            <line hits="684" number="70"/>
          </lines>
        </class>
        <class branch-rate="NaN" complexity="NaN" filename="+types\+util\+dynamictable\getRow.m" line-rate="0.94845" name="types.util.dynamictable.getRow">
          <methods/>
          <lines>
            <line hits="48" number="11"/>
            <line hits="48" number="12"/>
            <line hits="48" number="13"/>
            <line hits="48" number="15"/>
            <line hits="48" number="16"/>
            <line hits="48" number="17"/>
            <line hits="48" number="18"/>
            <line hits="48" number="20"/>
            <line hits="48" number="21"/>
            <line hits="48" number="23"/>
            <line hits="0" number="24"/>
            <line hits="0" number="25"/>
            <line hits="48" number="28"/>
            <line hits="9" number="29"/>
            <line hits="48" number="32"/>
            <line hits="237" number="33"/>
            <line hits="237" number="35"/>
            <line hits="237" number="36"/>
            <line hits="314" number="37"/>
            <line hits="314" number="38"/>
            <line hits="237" number="39"/>
            <line hits="77" number="41"/>
            <line hits="237" number="44"/>
            <line hits="237" number="45"/>
            <line hits="71" number="48"/>
            <line hits="237" number="50"/>
            <line hits="142" number="53"/>
            <line hits="23" number="54"/>
            <line hits="237" number="57"/>
            <line hits="29" number="60"/>
            <line hits="29" number="61"/>
            <line hits="29" number="62"/>
            <line hits="29" number="63"/>
            <line hits="71" number="64"/>
            <line hits="142" number="65"/>
            <line hits="142" number="66"/>
            <line hits="142" number="67"/>
            <line hits="29" number="70"/>
            <line hits="48" number="73"/>
            <line hits="596" number="79"/>
            <line hits="596" number="80"/>
            <line hits="90" number="81"/>
            <line hits="506" number="82"/>
            <line hits="0" number="83"/>
            <line hits="506" number="85"/>
            <line hits="596" number="88"/>
            <line hits="477" number="89"/>
            <line hits="477" number="90"/>
            <line hits="27" number="91"/>
            <line hits="27" number="92"/>
            <line hits="0" number="94"/>
            <line hits="27" number="96"/>
            <line hits="27" number="97"/>
            <line hits="0" number="99"/>
            <line hits="27" number="101"/>
            <line hits="450" number="104"/>
            <line hits="382" number="106"/>
            <line hits="68" number="108"/>
            <line hits="477" number="111"/>
            <line hits="477" number="112"/>
            <line hits="477" number="113"/>
            <line hits="477" number="114"/>
            <line hits="26" number="115"/>
            <line hits="26" number="116"/>
            <line hits="26" number="117"/>
            <line hits="52" number="118"/>
            <line hits="52" number="119"/>
            <line hits="52" number="120"/>
            <line hits="451" number="123"/>
            <line hits="119" number="126"/>
            <line hits="119" number="127"/>
            <line hits="119" number="128"/>
            <line hits="119" number="129"/>
            <line hits="10" number="130"/>
            <line hits="109" number="132"/>
            <line hits="119" number="135"/>
            <line hits="119" number="136"/>
            <line hits="119" number="137"/>
            <line hits="119" number="138"/>
            <line hits="117" number="139"/>
            <line hits="10" number="140"/>
            <line hits="107" number="142"/>
            <line hits="119" number="145"/>
            <line hits="119" number="147"/>
            <line hits="119" number="148"/>
            <line hits="359" number="149"/>
            <line hits="359" number="150"/>
            <line hits="359" number="151"/>
            <line hits="359" number="152"/>
            <line hits="359" number="153"/>
            <line hits="9" number="159"/>
            <line hits="9" number="160"/>
            <line hits="1" number="161"/>
            <line hits="8" number="163"/>
            <line hits="9" number="165"/>
            <line hits="9" number="166"/>
            <line hits="9" number="167"/>
          </lines>
        </class>
        <class branch-rate="NaN" complexity="NaN" filename="+types\+util\+dynamictable\getTypeMap.m" line-rate="0.90476" name="types.util.dynamictable.getTypeMap">
          <methods/>
          <lines>
            <line hits="63" number="4"/>
            <line hits="63" number="5"/>
            <line hits="63" number="6"/>
            <line hits="63" number="7"/>
            <line hits="15" number="8"/>
            <line hits="48" number="10"/>
            <line hits="48" number="11"/>
            <line hits="197" number="12"/>
            <line hits="197" number="13"/>
            <line hits="69" number="14"/>
            <line hits="128" number="16"/>
            <line hits="197" number="18"/>
            <line hits="0" number="19"/>
            <line hits="197" number="21"/>
            <line hits="197" number="24"/>
            <line hits="46" number="25"/>
            <line hits="151" number="27"/>
            <line hits="197" number="30"/>
            <line hits="0" number="31"/>
            <line hits="197" number="33"/>
            <line hits="197" number="36"/>
          </lines>
        </class>
        <class branch-rate="NaN" complexity="NaN" filename="+types\+util\+dynamictable\nwbToTable.m" line-rate="0.9" name="types.util.dynamictable.nwbToTable">
          <methods/>
          <lines>
            <line hits="3" number="27"/>
            <line hits="3" number="28"/>
            <line hits="3" number="29"/>
            <line hits="3" number="31"/>
            <line hits="1" number="32"/>
            <line hits="3" number="35"/>
            <line hits="0" number="36"/>
            <line hits="0" number="37"/>
            <line hits="3" number="41"/>
            <line hits="3" number="42"/>
            <line hits="0" number="43"/>
            <line hits="3" number="45"/>
            <line hits="3" number="47"/>
            <line hits="3" number="48"/>
            <line hits="3" number="49"/>
            <line hits="3" number="50"/>
            <line hits="3" number="53"/>
            <line hits="3" number="54"/>
            <line hits="3" number="55"/>
            <line hits="7" number="56"/>
            <line hits="7" number="57"/>
            <line hits="2" number="58"/>
            <line hits="5" number="59"/>
            <line hits="0" number="60"/>
            <line hits="5" number="62"/>
            <line hits="7" number="64"/>
            <line hits="7" number="65"/>
            <line hits="7" number="66"/>
            <line hits="1" number="67"/>
            <line hits="1" number="68"/>
            <line hits="1" number="69"/>
            <line hits="1" number="70"/>
            <line hits="10" number="71"/>
            <line hits="1" number="73"/>
            <line hits="1" number="74"/>
            <line hits="6" number="76"/>
            <line hits="3" number="81"/>
            <line hits="3" number="82"/>
            <line hits="3" number="83"/>
            <line hits="3" number="84"/>
          </lines>
        </class>
      </classes>
    </package>
  </packages>
</coverage>
